Setting Prover ID: 2
Server started, listening on 0.0.0.0:9090
[2m2023-08-03T10:25:38.986747Z[0m [32m INFO[0m [2mmain[0m[2m:[0m Listening on 0.0.0.0:9090
Total number of public inputs in the pool are 1
time taken to compute trace polynomials is (layer 1) 2.894311444s 
Total number of trace polynomials in the pool are 1
time taken to compute trace extension is (layer 1) 24.764641305s 
Total number of trace extension in the pool are 1
time taken gmimc hash (trace extension) is 274.730789003s
Evaluating constraints
time taken for individual constraints is 64.661878695s
Individual Constraint evaluation done
Total number of individual constraints in the pool are 1
Evaluating Compositon polynomial
time taken for group and merge is 78.2892682s
time taken for composition polynomial is 42.611901181s
Total number of trace extension in the pool are 1
time taken for composition extension is 10.667917509s
Total number of trace extension in the pool are 1
Compositon polynomial evaluation done
time taken for composition gmimc hash is 57.158392349s
Evaluating Deep polynomial
time taken to compute ood frame (level 1) is 1.668451611s
time takne for deep composition extension is 12.491763577s
deep composition evaluation done
Fetching trace Extension at query positions
time taken to query trace extension at query positions is 75.849µs
time taken to query composition extension at query positions is 22.447µs
fetching done
