Setting Prover ID: 3
Server started, listening on 0.0.0.0:9090
[2m2023-08-03T10:25:39.430921Z[0m [32m INFO[0m [2mmain[0m[2m:[0m Listening on 0.0.0.0:9090
Total number of public inputs in the pool are 1
time taken to compute trace polynomials is (layer 1) 2.843748147s 
Total number of trace polynomials in the pool are 1
time taken to compute trace extension is (layer 1) 24.702686631s 
Total number of trace extension in the pool are 1
time taken gmimc hash (trace extension) is 274.911974078s
Evaluating constraints
time taken for individual constraints is 66.041439652s
Individual Constraint evaluation done
Total number of individual constraints in the pool are 1
Evaluating Compositon polynomial
time taken for group and merge is 78.476749361s
time taken for composition polynomial is 43.79380689s
Total number of trace extension in the pool are 1
time taken for composition extension is 10.675273786s
Total number of trace extension in the pool are 1
Compositon polynomial evaluation done
time taken for composition gmimc hash is 57.205769012s
Evaluating Deep polynomial
time taken to compute ood frame (level 1) is 1.645489177s
time takne for deep composition extension is 12.487109498s
deep composition evaluation done
Fetching trace Extension at query positions
time taken to query trace extension at query positions is 75.845µs
time taken to query composition extension at query positions is 23.605µs
fetching done
