Setting Prover ID: 2
Server started, listening on 0.0.0.0:9090
[2m2023-08-02T08:51:01.173263Z[0m [32m INFO[0m [2mmain[0m[2m:[0m Listening on 0.0.0.0:9090
Total number of public inputs in the pool are 1
time taken to compute trace polynomials is (layer 1) 2.858927731s 
Total number of trace polynomials in the pool are 1
time taken to compute trace extension is (layer 1) 24.811979077s 
Total number of trace extension in the pool are 1
computing gmimc hash on cpu
time taken gmimc hash (trace extension) is 274.538773763s
Evaluating constraints
time taken for individual constraints is 64.708764925s
Individual Constraint evaluation done
Total number of individual constraints in the pool are 1
Evaluating Compositon polynomial
time taken for group and merge is 78.469333957s
time taken for composition polynomial is 42.564818953s
Total number of trace extension in the pool are 1
time taken for composition extension is 10.761765634s
Total number of trace extension in the pool are 1
Compositon polynomial evaluation done
time taken for composition gmimc hash is 57.13654953s
Evaluating Deep polynomial
time taken to compute ood frame (level 1) is 1.489655706s
time takne for deep composition extension is 12.213309569s
deep composition evaluation done
Fetching trace Extension at query positions
time taken to query trace extension at query positions is 110.854µs
time taken to query composition extension at query positions is 26.989µs
fetching done
