Setting Prover ID: 1
Server started, listening on 0.0.0.0:9090
[2m2023-08-03T10:25:38.530193Z[0m [32m INFO[0m [2mmain[0m[2m:[0m Listening on 0.0.0.0:9090
Total number of public inputs in the pool are 1
time taken to compute trace polynomials is (layer 1) 2.86648566s 
Total number of trace polynomials in the pool are 1
time taken to compute trace extension is (layer 1) 24.473742213s 
Total number of trace extension in the pool are 1
time taken gmimc hash (trace extension) is 274.682179073s
Evaluating constraints
time taken for individual constraints is 64.589505705s
Individual Constraint evaluation done
Total number of individual constraints in the pool are 1
Evaluating Compositon polynomial
time taken for group and merge is 78.007301169s
time taken for composition polynomial is 42.555607884s
Total number of trace extension in the pool are 1
time taken for composition extension is 10.666701249s
Total number of trace extension in the pool are 1
Compositon polynomial evaluation done
time taken for composition gmimc hash is 57.164043786s
Evaluating Deep polynomial
time taken to compute ood frame (level 1) is 1.653113918s
time takne for deep composition extension is 12.463096509s
deep composition evaluation done
Fetching trace Extension at query positions
time taken to query trace extension at query positions is 74.641µs
time taken to query composition extension at query positions is 20.739µs
fetching done
