Setting Prover ID: 3
Server started, listening on 0.0.0.0:9090
[2m2023-08-04T10:13:30.424149Z[0m [32m INFO[0m [2mmain[0m[2m:[0m Listening on 0.0.0.0:9090
Total number of public inputs in the pool are 1
time taken to compute trace polynomials is (layer 1) 3.966687448s 
Total number of trace polynomials in the pool are 1
time taken to compute trace extension is (layer 1) 32.134251306s 
Total number of trace extension in the pool are 1
GPU is available
Computing gmimc on GPU with 4194304 rows
Creating input buffer of size 1157627904 u64 numbers
Writing input buffer
Time to write buffer: 22747 ms
Kernel execution + time to read buffer: 18091 ms
Time to convert to field elements: 111 ms
time taken gmimc hash (trace extension) is 49.239071497s
Evaluating constraints
time taken for individual constraints is 88.100361386s
Individual Constraint evaluation done
Total number of individual constraints in the pool are 1
Evaluating Compositon polynomial
time taken for group and merge is 91.969938257s
time taken for composition polynomial is 58.790533275s
Total number of trace extension in the pool are 1
time taken for composition extension is 12.406407557s
Total number of trace extension in the pool are 1
Compositon polynomial evaluation done
time taken for composition gmimc hash is 61.473740821s
Evaluating Deep polynomial
time taken to compute ood frame (level 1) is 2.639331309s
time takne for deep composition extension is 16.036627558s
deep composition evaluation done
Fetching trace Extension at query positions
time taken to query trace extension at query positions is 90.953µs
time taken to query composition extension at query positions is 30.808µs
fetching done
